2022-09-07 11:27:06,275 : INFO : log_helper : Showing data information
2022-09-07 11:27:06,275 : INFO : log_helper : Showing data information
2022-09-07 11:28:37,028 : INFO : log_helper : Showing data information
2022-09-07 11:28:37,028 : INFO : log_helper : Showing data information
2022-09-07 11:28:37,028 : INFO : log_helper : Showing data information
2022-09-07 11:28:54,527 : INFO : log_helper : Showing data information
2022-09-07 11:28:54,527 : INFO : log_helper : Showing data information
2022-09-07 11:28:54,527 : INFO : log_helper : Showing data information
2022-09-07 11:28:54,527 : INFO : log_helper : Showing data information
2022-09-07 11:31:45,193 : INFO : log_helper : Colums with missing values: ['CompetitionDistance', 'CompetitionOpenSinceMonth', 'CompetitionOpenSinceYear', 'Promo2SinceWeek', 'Promo2SinceYear', 'PromoInterval']
2022-09-07 11:31:45,193 : INFO : log_helper : Colums with missing values: ['CompetitionDistance', 'CompetitionOpenSinceMonth', 'CompetitionOpenSinceYear', 'Promo2SinceWeek', 'Promo2SinceYear', 'PromoInterval']
2022-09-07 11:31:45,193 : INFO : log_helper : Colums with missing values: ['CompetitionDistance', 'CompetitionOpenSinceMonth', 'CompetitionOpenSinceYear', 'Promo2SinceWeek', 'Promo2SinceYear', 'PromoInterval']
2022-09-07 11:31:45,193 : INFO : log_helper : Colums with missing values: ['CompetitionDistance', 'CompetitionOpenSinceMonth', 'CompetitionOpenSinceYear', 'Promo2SinceWeek', 'Promo2SinceYear', 'PromoInterval']
2022-09-07 11:32:43,606 : INFO : log_helper : Colums with missing values: []
2022-09-07 11:32:43,606 : INFO : log_helper : Colums with missing values: []
2022-09-07 11:32:43,606 : INFO : log_helper : Colums with missing values: []
2022-09-07 11:32:43,606 : INFO : log_helper : Colums with missing values: []
2022-09-07 11:33:03,392 : INFO : log_helper : Colums with missing values: ['Open']
2022-09-07 11:33:03,392 : INFO : log_helper : Colums with missing values: ['Open']
2022-09-07 11:33:03,392 : INFO : log_helper : Colums with missing values: ['Open']
2022-09-07 11:33:03,392 : INFO : log_helper : Colums with missing values: ['Open']
2022-09-07 11:34:54,448 : INFO : log_helper : Showing missing percentage
2022-09-07 11:34:54,448 : INFO : log_helper : Showing missing percentage
2022-09-07 11:34:54,448 : INFO : log_helper : Showing missing percentage
2022-09-07 11:34:54,448 : INFO : log_helper : Showing missing percentage
2022-09-07 11:35:15,622 : INFO : log_helper : Showing missing percentage
2022-09-07 11:35:15,622 : INFO : log_helper : Showing missing percentage
2022-09-07 11:35:15,622 : INFO : log_helper : Showing missing percentage
2022-09-07 11:35:15,622 : INFO : log_helper : Showing missing percentage
2022-09-07 11:37:47,049 : INFO : log_helper : Showing missing percentage
2022-09-07 11:37:47,049 : INFO : log_helper : Showing missing percentage
2022-09-07 11:37:47,049 : INFO : log_helper : Showing missing percentage
2022-09-07 11:37:47,049 : INFO : log_helper : Showing missing percentage
2022-09-07 11:37:58,513 : INFO : log_helper : Showing missing percentage
2022-09-07 11:37:58,513 : INFO : log_helper : Showing missing percentage
2022-09-07 11:37:58,513 : INFO : log_helper : Showing missing percentage
2022-09-07 11:37:58,513 : INFO : log_helper : Showing missing percentage
2022-09-07 11:38:15,058 : INFO : log_helper : Colums with missing values: []
2022-09-07 11:38:15,058 : INFO : log_helper : Colums with missing values: []
2022-09-07 11:38:15,058 : INFO : log_helper : Colums with missing values: []
2022-09-07 11:38:15,058 : INFO : log_helper : Colums with missing values: []
2022-09-07 11:38:20,005 : INFO : log_helper : Colums with missing values: ['Open']
2022-09-07 11:38:20,005 : INFO : log_helper : Colums with missing values: ['Open']
2022-09-07 11:38:20,005 : INFO : log_helper : Colums with missing values: ['Open']
2022-09-07 11:38:20,005 : INFO : log_helper : Colums with missing values: ['Open']
2022-09-07 11:38:23,142 : INFO : log_helper : Showing missing percentage
2022-09-07 11:38:23,142 : INFO : log_helper : Showing missing percentage
2022-09-07 11:38:23,142 : INFO : log_helper : Showing missing percentage
2022-09-07 11:38:23,142 : INFO : log_helper : Showing missing percentage
2022-09-07 11:39:44,908 : INFO : log_helper : Showing missing percentage
2022-09-07 11:39:44,908 : INFO : log_helper : Showing missing percentage
2022-09-07 11:39:44,908 : INFO : log_helper : Showing missing percentage
2022-09-07 11:39:44,908 : INFO : log_helper : Showing missing percentage
2022-09-07 11:40:39,015 : INFO : log_helper : Showing missing percentage
2022-09-07 11:40:39,015 : INFO : log_helper : Showing missing percentage
2022-09-07 11:40:39,015 : INFO : log_helper : Showing missing percentage
2022-09-07 11:40:39,015 : INFO : log_helper : Showing missing percentage
2022-09-07 11:40:59,299 : INFO : log_helper : Showing data information
2022-09-07 11:40:59,299 : INFO : log_helper : Showing data information
2022-09-07 11:40:59,299 : INFO : log_helper : Showing data information
2022-09-07 11:40:59,299 : INFO : log_helper : Showing data information
2022-09-07 11:40:59,299 : INFO : log_helper : Showing data information
2022-09-07 11:40:59,466 : INFO : log_helper : Showing data information
2022-09-07 11:40:59,466 : INFO : log_helper : Showing data information
2022-09-07 11:40:59,466 : INFO : log_helper : Showing data information
2022-09-07 11:40:59,466 : INFO : log_helper : Showing data information
2022-09-07 11:40:59,466 : INFO : log_helper : Showing data information
2022-09-07 11:40:59,466 : INFO : log_helper : Showing data information
2022-09-07 11:40:59,878 : INFO : log_helper : Showing data information
2022-09-07 11:40:59,878 : INFO : log_helper : Showing data information
2022-09-07 11:40:59,878 : INFO : log_helper : Showing data information
2022-09-07 11:40:59,878 : INFO : log_helper : Showing data information
2022-09-07 11:40:59,878 : INFO : log_helper : Showing data information
2022-09-07 11:40:59,878 : INFO : log_helper : Showing data information
2022-09-07 11:40:59,878 : INFO : log_helper : Showing data information
2022-09-07 11:41:01,582 : INFO : log_helper : Colums with missing values: ['CompetitionDistance', 'CompetitionOpenSinceMonth', 'CompetitionOpenSinceYear', 'Promo2SinceWeek', 'Promo2SinceYear', 'PromoInterval']
2022-09-07 11:41:01,582 : INFO : log_helper : Colums with missing values: ['CompetitionDistance', 'CompetitionOpenSinceMonth', 'CompetitionOpenSinceYear', 'Promo2SinceWeek', 'Promo2SinceYear', 'PromoInterval']
2022-09-07 11:41:01,582 : INFO : log_helper : Colums with missing values: ['CompetitionDistance', 'CompetitionOpenSinceMonth', 'CompetitionOpenSinceYear', 'Promo2SinceWeek', 'Promo2SinceYear', 'PromoInterval']
2022-09-07 11:41:01,582 : INFO : log_helper : Colums with missing values: ['CompetitionDistance', 'CompetitionOpenSinceMonth', 'CompetitionOpenSinceYear', 'Promo2SinceWeek', 'Promo2SinceYear', 'PromoInterval']
2022-09-07 11:41:01,582 : INFO : log_helper : Colums with missing values: ['CompetitionDistance', 'CompetitionOpenSinceMonth', 'CompetitionOpenSinceYear', 'Promo2SinceWeek', 'Promo2SinceYear', 'PromoInterval']
2022-09-07 11:41:01,582 : INFO : log_helper : Colums with missing values: ['CompetitionDistance', 'CompetitionOpenSinceMonth', 'CompetitionOpenSinceYear', 'Promo2SinceWeek', 'Promo2SinceYear', 'PromoInterval']
2022-09-07 11:41:01,582 : INFO : log_helper : Colums with missing values: ['CompetitionDistance', 'CompetitionOpenSinceMonth', 'CompetitionOpenSinceYear', 'Promo2SinceWeek', 'Promo2SinceYear', 'PromoInterval']
2022-09-07 11:41:02,660 : INFO : log_helper : Colums with missing values: []
2022-09-07 11:41:02,660 : INFO : log_helper : Colums with missing values: []
2022-09-07 11:41:02,660 : INFO : log_helper : Colums with missing values: []
2022-09-07 11:41:02,660 : INFO : log_helper : Colums with missing values: []
2022-09-07 11:41:02,660 : INFO : log_helper : Colums with missing values: []
2022-09-07 11:41:02,660 : INFO : log_helper : Colums with missing values: []
2022-09-07 11:41:02,660 : INFO : log_helper : Colums with missing values: []
2022-09-07 11:41:03,019 : INFO : log_helper : Colums with missing values: ['Open']
2022-09-07 11:41:03,019 : INFO : log_helper : Colums with missing values: ['Open']
2022-09-07 11:41:03,019 : INFO : log_helper : Colums with missing values: ['Open']
2022-09-07 11:41:03,019 : INFO : log_helper : Colums with missing values: ['Open']
2022-09-07 11:41:03,019 : INFO : log_helper : Colums with missing values: ['Open']
2022-09-07 11:41:03,019 : INFO : log_helper : Colums with missing values: ['Open']
2022-09-07 11:41:03,019 : INFO : log_helper : Colums with missing values: ['Open']
2022-09-07 11:41:04,786 : INFO : log_helper : Showing missing percentage
2022-09-07 11:41:04,786 : INFO : log_helper : Showing missing percentage
2022-09-07 11:41:04,786 : INFO : log_helper : Showing missing percentage
2022-09-07 11:41:04,786 : INFO : log_helper : Showing missing percentage
2022-09-07 11:41:04,786 : INFO : log_helper : Showing missing percentage
2022-09-07 11:41:04,786 : INFO : log_helper : Showing missing percentage
2022-09-07 11:41:04,786 : INFO : log_helper : Showing missing percentage
2022-09-07 11:41:07,520 : INFO : log_helper : Showing missing percentage
2022-09-07 11:41:07,520 : INFO : log_helper : Showing missing percentage
2022-09-07 11:41:07,520 : INFO : log_helper : Showing missing percentage
2022-09-07 11:41:07,520 : INFO : log_helper : Showing missing percentage
2022-09-07 11:41:07,520 : INFO : log_helper : Showing missing percentage
2022-09-07 11:41:07,520 : INFO : log_helper : Showing missing percentage
2022-09-07 11:41:07,520 : INFO : log_helper : Showing missing percentage
2022-09-07 11:43:09,952 : INFO : log_helper : Showing data information
2022-09-07 11:43:09,952 : INFO : log_helper : Showing data information
2022-09-07 11:43:10,959 : INFO : log_helper : Showing data information
2022-09-07 11:43:10,959 : INFO : log_helper : Showing data information
2022-09-07 11:43:10,959 : INFO : log_helper : Showing data information
2022-09-07 11:43:11,771 : INFO : log_helper : Showing data information
2022-09-07 11:43:11,771 : INFO : log_helper : Showing data information
2022-09-07 11:43:11,771 : INFO : log_helper : Showing data information
2022-09-07 11:43:11,771 : INFO : log_helper : Showing data information
2022-09-07 11:43:13,824 : INFO : log_helper : Colums with missing values: ['CompetitionDistance', 'CompetitionOpenSinceMonth', 'CompetitionOpenSinceYear', 'Promo2SinceWeek', 'Promo2SinceYear', 'PromoInterval']
2022-09-07 11:43:13,824 : INFO : log_helper : Colums with missing values: ['CompetitionDistance', 'CompetitionOpenSinceMonth', 'CompetitionOpenSinceYear', 'Promo2SinceWeek', 'Promo2SinceYear', 'PromoInterval']
2022-09-07 11:43:13,824 : INFO : log_helper : Colums with missing values: ['CompetitionDistance', 'CompetitionOpenSinceMonth', 'CompetitionOpenSinceYear', 'Promo2SinceWeek', 'Promo2SinceYear', 'PromoInterval']
2022-09-07 11:43:13,824 : INFO : log_helper : Colums with missing values: ['CompetitionDistance', 'CompetitionOpenSinceMonth', 'CompetitionOpenSinceYear', 'Promo2SinceWeek', 'Promo2SinceYear', 'PromoInterval']
2022-09-07 11:43:14,852 : INFO : log_helper : Colums with missing values: []
2022-09-07 11:43:14,852 : INFO : log_helper : Colums with missing values: []
2022-09-07 11:43:14,852 : INFO : log_helper : Colums with missing values: []
2022-09-07 11:43:14,852 : INFO : log_helper : Colums with missing values: []
2022-09-07 11:43:15,339 : INFO : log_helper : Colums with missing values: ['Open']
2022-09-07 11:43:15,339 : INFO : log_helper : Colums with missing values: ['Open']
2022-09-07 11:43:15,339 : INFO : log_helper : Colums with missing values: ['Open']
2022-09-07 11:43:15,339 : INFO : log_helper : Colums with missing values: ['Open']
2022-09-07 11:43:17,299 : INFO : log_helper : Showing missing percentage
2022-09-07 11:43:17,299 : INFO : log_helper : Showing missing percentage
2022-09-07 11:43:17,299 : INFO : log_helper : Showing missing percentage
2022-09-07 11:43:17,299 : INFO : log_helper : Showing missing percentage
2022-09-07 11:43:22,292 : INFO : log_helper : Showing missing percentage
2022-09-07 11:43:22,292 : INFO : log_helper : Showing missing percentage
2022-09-07 11:43:22,292 : INFO : log_helper : Showing missing percentage
2022-09-07 11:43:22,292 : INFO : log_helper : Showing missing percentage
2022-09-07 11:44:16,788 : INFO : log_helper : Showing missing percentage
2022-09-07 11:44:16,788 : INFO : log_helper : Showing missing percentage
2022-09-07 11:44:16,788 : INFO : log_helper : Showing missing percentage
2022-09-07 11:44:16,788 : INFO : log_helper : Showing missing percentage
2022-09-07 11:46:38,222 : INFO : log_helper : Showing missing percentage
2022-09-07 11:46:38,222 : INFO : log_helper : Showing missing percentage
2022-09-07 11:46:38,222 : INFO : log_helper : Showing missing percentage
2022-09-07 11:46:38,222 : INFO : log_helper : Showing missing percentage
2022-09-07 11:46:53,939 : INFO : log_helper : Showing missing percentage
2022-09-07 11:46:53,939 : INFO : log_helper : Showing missing percentage
2022-09-07 11:46:53,939 : INFO : log_helper : Showing missing percentage
2022-09-07 11:46:53,939 : INFO : log_helper : Showing missing percentage
2022-09-07 11:47:00,739 : INFO : log_helper : Showing missing percentage
2022-09-07 11:47:00,739 : INFO : log_helper : Showing missing percentage
2022-09-07 11:47:00,739 : INFO : log_helper : Showing missing percentage
2022-09-07 11:47:00,739 : INFO : log_helper : Showing missing percentage
2022-09-07 11:47:19,969 : INFO : log_helper : Showing missing percentage
2022-09-07 11:47:19,969 : INFO : log_helper : Showing missing percentage
2022-09-07 11:47:19,969 : INFO : log_helper : Showing missing percentage
2022-09-07 11:47:19,969 : INFO : log_helper : Showing missing percentage
2022-09-07 11:48:14,318 : INFO : log_helper : Showing datatypes
2022-09-07 11:48:14,318 : INFO : log_helper : Showing datatypes
2022-09-07 11:48:14,318 : INFO : log_helper : Showing datatypes
2022-09-07 11:48:14,318 : INFO : log_helper : Showing datatypes
2022-09-07 11:48:28,893 : INFO : log_helper : Showing datatypes
2022-09-07 11:48:28,893 : INFO : log_helper : Showing datatypes
2022-09-07 11:48:28,893 : INFO : log_helper : Showing datatypes
2022-09-07 11:48:28,893 : INFO : log_helper : Showing datatypes
2022-09-07 11:48:40,653 : INFO : log_helper : Showing datatypes
2022-09-07 11:48:40,653 : INFO : log_helper : Showing datatypes
2022-09-07 11:48:40,653 : INFO : log_helper : Showing datatypes
2022-09-07 11:48:40,653 : INFO : log_helper : Showing datatypes
2022-09-07 11:50:23,716 : INFO : log_helper : Showing datatypes
2022-09-07 11:50:23,716 : INFO : log_helper : Showing datatypes
2022-09-07 11:50:23,716 : INFO : log_helper : Showing datatypes
2022-09-07 11:50:23,716 : INFO : log_helper : Showing datatypes
2022-09-07 11:50:56,284 : INFO : log_helper : Showing datatypes
2022-09-07 11:50:56,284 : INFO : log_helper : Showing datatypes
2022-09-07 11:50:56,284 : INFO : log_helper : Showing datatypes
2022-09-07 11:50:56,284 : INFO : log_helper : Showing datatypes
2022-09-07 18:50:26,190 : INFO : log_helper : Showing data information
2022-09-07 18:50:26,190 : INFO : log_helper : Showing data information
2022-09-07 18:50:26,429 : INFO : log_helper : Showing data information
2022-09-07 18:50:26,429 : INFO : log_helper : Showing data information
2022-09-07 18:50:26,429 : INFO : log_helper : Showing data information
2022-09-07 18:50:26,873 : INFO : log_helper : Showing data information
2022-09-07 18:50:26,873 : INFO : log_helper : Showing data information
2022-09-07 18:50:26,873 : INFO : log_helper : Showing data information
2022-09-07 18:50:26,873 : INFO : log_helper : Showing data information
2022-09-07 18:50:27,882 : INFO : log_helper : Colums with missing values: ['CompetitionDistance', 'CompetitionOpenSinceMonth', 'CompetitionOpenSinceYear', 'Promo2SinceWeek', 'Promo2SinceYear', 'PromoInterval']
2022-09-07 18:50:27,882 : INFO : log_helper : Colums with missing values: ['CompetitionDistance', 'CompetitionOpenSinceMonth', 'CompetitionOpenSinceYear', 'Promo2SinceWeek', 'Promo2SinceYear', 'PromoInterval']
2022-09-07 18:50:27,882 : INFO : log_helper : Colums with missing values: ['CompetitionDistance', 'CompetitionOpenSinceMonth', 'CompetitionOpenSinceYear', 'Promo2SinceWeek', 'Promo2SinceYear', 'PromoInterval']
2022-09-07 18:50:27,882 : INFO : log_helper : Colums with missing values: ['CompetitionDistance', 'CompetitionOpenSinceMonth', 'CompetitionOpenSinceYear', 'Promo2SinceWeek', 'Promo2SinceYear', 'PromoInterval']
2022-09-07 18:50:28,392 : INFO : log_helper : Colums with missing values: []
2022-09-07 18:50:28,392 : INFO : log_helper : Colums with missing values: []
2022-09-07 18:50:28,392 : INFO : log_helper : Colums with missing values: []
2022-09-07 18:50:28,392 : INFO : log_helper : Colums with missing values: []
2022-09-07 18:50:28,530 : INFO : log_helper : Colums with missing values: ['Open']
2022-09-07 18:50:28,530 : INFO : log_helper : Colums with missing values: ['Open']
2022-09-07 18:50:28,530 : INFO : log_helper : Colums with missing values: ['Open']
2022-09-07 18:50:28,530 : INFO : log_helper : Colums with missing values: ['Open']
2022-09-07 18:50:29,360 : INFO : log_helper : Showing missing percentage
2022-09-07 18:50:29,360 : INFO : log_helper : Showing missing percentage
2022-09-07 18:50:29,360 : INFO : log_helper : Showing missing percentage
2022-09-07 18:50:29,360 : INFO : log_helper : Showing missing percentage
2022-09-07 18:50:30,943 : INFO : log_helper : Showing missing percentage
2022-09-07 18:50:30,943 : INFO : log_helper : Showing missing percentage
2022-09-07 18:50:30,943 : INFO : log_helper : Showing missing percentage
2022-09-07 18:50:30,943 : INFO : log_helper : Showing missing percentage
2022-09-07 18:50:31,875 : INFO : log_helper : Showing missing percentage
2022-09-07 18:50:31,875 : INFO : log_helper : Showing missing percentage
2022-09-07 18:50:31,875 : INFO : log_helper : Showing missing percentage
2022-09-07 18:50:31,875 : INFO : log_helper : Showing missing percentage
2022-09-07 18:50:33,301 : INFO : log_helper : Showing missing percentage
2022-09-07 18:50:33,301 : INFO : log_helper : Showing missing percentage
2022-09-07 18:50:33,301 : INFO : log_helper : Showing missing percentage
2022-09-07 18:50:33,301 : INFO : log_helper : Showing missing percentage
2022-09-07 18:50:33,812 : INFO : log_helper : Showing missing percentage
2022-09-07 18:50:33,812 : INFO : log_helper : Showing missing percentage
2022-09-07 18:50:33,812 : INFO : log_helper : Showing missing percentage
2022-09-07 18:50:33,812 : INFO : log_helper : Showing missing percentage
2022-09-07 18:50:34,384 : INFO : log_helper : Showing missing percentage
2022-09-07 18:50:34,384 : INFO : log_helper : Showing missing percentage
2022-09-07 18:50:34,384 : INFO : log_helper : Showing missing percentage
2022-09-07 18:50:34,384 : INFO : log_helper : Showing missing percentage
2022-09-07 18:50:35,137 : INFO : log_helper : Showing datatypes
2022-09-07 18:50:35,137 : INFO : log_helper : Showing datatypes
2022-09-07 18:50:35,137 : INFO : log_helper : Showing datatypes
2022-09-07 18:50:35,137 : INFO : log_helper : Showing datatypes
2022-09-07 18:50:35,768 : INFO : log_helper : Showing datatypes
2022-09-07 18:50:35,768 : INFO : log_helper : Showing datatypes
2022-09-07 18:50:35,768 : INFO : log_helper : Showing datatypes
2022-09-07 18:50:35,768 : INFO : log_helper : Showing datatypes
2022-09-07 18:50:36,171 : INFO : log_helper : Showing datatypes
2022-09-07 18:50:36,171 : INFO : log_helper : Showing datatypes
2022-09-07 18:50:36,171 : INFO : log_helper : Showing datatypes
2022-09-07 18:50:36,171 : INFO : log_helper : Showing datatypes
2022-09-07 18:50:37,096 : INFO : log_helper : Showing datatypes
2022-09-07 18:50:37,096 : INFO : log_helper : Showing datatypes
2022-09-07 18:50:37,096 : INFO : log_helper : Showing datatypes
2022-09-07 18:50:37,096 : INFO : log_helper : Showing datatypes
2022-09-07 18:50:37,598 : INFO : log_helper : Showing datatypes
2022-09-07 18:50:37,598 : INFO : log_helper : Showing datatypes
2022-09-07 18:50:37,598 : INFO : log_helper : Showing datatypes
2022-09-07 18:50:37,598 : INFO : log_helper : Showing datatypes
2022-09-07 18:50:45,433 : INFO : log_helper : Outlier for Sales is fixed
2022-09-07 18:50:45,433 : INFO : log_helper : Outlier for Sales is fixed
2022-09-07 18:50:45,433 : INFO : log_helper : Outlier for Sales is fixed
2022-09-07 18:50:45,433 : INFO : log_helper : Outlier for Sales is fixed
2022-09-07 18:50:46,114 : INFO : log_helper : Outlier for CompetitionDistance is fixed
2022-09-07 18:50:46,114 : INFO : log_helper : Outlier for CompetitionDistance is fixed
2022-09-07 18:50:46,114 : INFO : log_helper : Outlier for CompetitionDistance is fixed
2022-09-07 18:50:46,114 : INFO : log_helper : Outlier for CompetitionDistance is fixed
2022-09-07 18:50:46,116 : INFO : log_helper : Outlier for CompetitionOpenSinceMonth is fixed
2022-09-07 18:50:46,116 : INFO : log_helper : Outlier for CompetitionOpenSinceMonth is fixed
2022-09-07 18:50:46,116 : INFO : log_helper : Outlier for CompetitionOpenSinceMonth is fixed
2022-09-07 18:50:46,116 : INFO : log_helper : Outlier for CompetitionOpenSinceMonth is fixed
2022-09-07 20:46:14,314 : INFO : log_helper : Successfully changed columns type to int64
2022-09-07 20:46:14,718 : INFO : log_helper : DataFrame optimized
2022-09-07 20:47:00,318 : INFO : log_helper : Successfully changed columns type to int64
2022-09-07 20:47:00,543 : INFO : log_helper : DataFrame optimized
2022-09-10 16:39:29,687 : INFO : log_helper : Showing data information
2022-09-10 16:39:29,687 : INFO : log_helper : Showing data information
2022-09-10 16:40:39,469 : INFO : log_helper : Showing data information
2022-09-10 16:40:39,469 : INFO : log_helper : Showing data information
2022-09-10 16:43:07,514 : INFO : log_helper : Colums with missing values: ['CompetitionDistance', 'CompetitionOpenSinceMonth', 'CompetitionOpenSinceYear', 'Promo2SinceWeek', 'Promo2SinceYear', 'PromoInterval']
2022-09-10 16:43:07,514 : INFO : log_helper : Colums with missing values: ['CompetitionDistance', 'CompetitionOpenSinceMonth', 'CompetitionOpenSinceYear', 'Promo2SinceWeek', 'Promo2SinceYear', 'PromoInterval']
2022-09-10 16:43:19,890 : INFO : log_helper : Showing missing percentage
2022-09-10 16:43:19,890 : INFO : log_helper : Showing missing percentage
2022-09-10 16:45:59,468 : INFO : log_helper : Showing missing percentage
2022-09-10 16:45:59,468 : INFO : log_helper : Showing missing percentage
2022-09-10 16:46:32,052 : INFO : log_helper : Colums with missing values: []
2022-09-10 16:46:32,052 : INFO : log_helper : Colums with missing values: []
2022-09-10 16:55:55,212 : INFO : log_helper : Outlier for Customers is fixed
2022-09-10 16:55:55,212 : INFO : log_helper : Outlier for Customers is fixed
2022-09-10 16:55:55,277 : INFO : log_helper : Outlier for Sales is fixed
2022-09-10 16:55:55,277 : INFO : log_helper : Outlier for Sales is fixed
2022-09-10 17:00:17,435 : INFO : log_helper : Successfully Added WeekDay Column to the DataFrame
2022-09-10 17:00:17,435 : INFO : log_helper : Successfully Added WeekDay Column to the DataFrame
2022-09-10 17:00:23,096 : ERROR : log_helper : Failed to Add WeekDay Column
Traceback (most recent call last):
  File "c:\Users\hp\SalesPrediction\notebooks\../scripts\data_manipulation.py", line 35, in add_week_day
    self.df.insert(date_index + 1, 'WeekDay',
  File "c:\Users\hp\SalesPrediction\.venv\lib\site-packages\pandas\core\frame.py", line 4443, in insert
    raise ValueError(f"cannot insert {column}, already exists")
ValueError: cannot insert WeekDay, already exists
2022-09-10 17:00:23,096 : ERROR : log_helper : Failed to Add WeekDay Column
Traceback (most recent call last):
  File "c:\Users\hp\SalesPrediction\notebooks\../scripts\data_manipulation.py", line 35, in add_week_day
    self.df.insert(date_index + 1, 'WeekDay',
  File "c:\Users\hp\SalesPrediction\.venv\lib\site-packages\pandas\core\frame.py", line 4443, in insert
    raise ValueError(f"cannot insert {column}, already exists")
ValueError: cannot insert WeekDay, already exists
2022-09-10 17:00:57,592 : INFO : log_helper : Successfully Added DaysToHoliday Column
2022-09-10 17:00:57,592 : INFO : log_helper : Successfully Added DaysToHoliday Column
2022-09-10 17:01:15,813 : INFO : log_helper : Successfully Added DaysAfterHoliday Column
2022-09-10 17:01:15,813 : INFO : log_helper : Successfully Added DaysAfterHoliday Column
2022-09-10 17:01:33,761 : INFO : log_helper : Successfully Added MonthTiming Column
2022-09-10 17:01:33,761 : INFO : log_helper : Successfully Added MonthTiming Column
2022-09-10 17:04:18,511 : INFO : log_helper : Successfully Added Season Column
2022-09-10 17:04:18,511 : INFO : log_helper : Successfully Added Season Column
